<?xml version="1.0" encoding="UTF-8"?>
<testng-results skipped="0" failed="0" ignored="0" total="1" passed="1">
  <reporter-output>
  </reporter-output>
  <suite name="Default suite" duration-ms="67" started-at="2022-01-04T21:36:23 IST" finished-at="2022-01-04T21:36:23 IST">
    <groups>
    </groups>
    <test name="Default test" duration-ms="67" started-at="2022-01-04T21:36:23 IST" finished-at="2022-01-04T21:36:23 IST">
      <class name="com.testNG.Parameters_1">
        <test-method status="PASS" signature="employee(java.lang.String,java.lang.String)[pri:0, instance:com.testNG.Parameters_1@30a3107a]" name="employee" duration-ms="16" started-at="2022-01-04T21:36:23 IST" finished-at="2022-01-04T21:36:23 IST">
          <params>
            <param index="0">
              <value>
                <![CDATA[Sri]]>
              </value>
            </param>
            <param index="1">
              <value>
                <![CDATA[Test]]>
              </value>
            </param>
          </params>
          <reporter-output>
          </reporter-output>
        </test-method> <!-- employee -->
      </class> <!-- com.testNG.Parameters_1 -->
    </test> <!-- Default test -->
  </suite> <!-- Default suite -->
</testng-results>
